<?xml version="1.0" encoding="UTF-8"?>
<!-- Generated by org.testng.reporters.JUnitReportReporter -->
<testsuite hostname="Gunjans-MacBook-Pro.local" failures="0" tests="1" name="seeTestAutomation.LongPress" time="12.376" errors="0" timestamp="2023-06-19T09:34:35 IST" skipped="0">
  <testcase classname="seeTestAutomation.LongPress" name="LongPressGesture" time="12.376"/>
  <system-out/>
</testsuite> <!-- seeTestAutomation.LongPress -->
