<?xml version="1.0" encoding="UTF-8"?>
<!-- Generated by org.testng.reporters.JUnitReportReporter -->
<testsuite hostname="Gunjans-MacBook-Pro.local" failures="0" tests="1" name="rahulshettyacademy.eCommerce_tc_3" time="20.381" errors="0" timestamp="2023-06-19T11:17:18 IST" skipped="0">
  <testcase classname="rahulshettyacademy.eCommerce_tc_3" name="FillForm3" time="20.381"/>
  <system-out/>
</testsuite> <!-- rahulshettyacademy.eCommerce_tc_3 -->
