<?xml version="1.0" encoding="UTF-8"?>
<!-- Generated by org.testng.reporters.JUnitReportReporter -->
<testsuite hostname="Gunjans-MacBook-Pro.local" failures="0" tests="1" name="seeTestAutomation.IOSBaseTest" time="2.008" errors="0" timestamp="2023-06-17T17:01:46 IST" skipped="0">
  <testcase classname="seeTestAutomation.IOSBaseTest" name="Demo" time="2.008"/>
  <system-out/>
</testsuite> <!-- seeTestAutomation.IOSBaseTest -->
