<?xml version="1.0" encoding="UTF-8"?>
<!-- Generated by org.testng.reporters.JUnitReportReporter -->
<testsuite hostname="Gunjans-MacBook-Pro.local" failures="0" tests="1" name="seeTestAutomation.eCommerce_tc_3" time="26.898" errors="0" timestamp="2023-06-19T11:17:38 IST" skipped="0">
  <testcase classname="seeTestAutomation.eCommerce_tc_3" name="FillForm3" time="26.898"/>
  <system-out/>
</testsuite> <!-- seeTestAutomation.eCommerce_tc_3 -->
