<?xml version="1.0" encoding="UTF-8"?>
<!-- Generated by org.testng.reporters.JUnitReportReporter -->
<testsuite hostname="Gunjans-MacBook-Pro.local" failures="0" tests="1" name="seeTestAutomation.ReportAlter" time="32.899" errors="0" timestamp="2023-08-17T19:15:54 IST" skipped="0">
  <testcase classname="seeTestAutomation.ReportAlter" name="quickStartiOSNativeDemo" time="32.899"/>
  <system-out/>
</testsuite> <!-- seeTestAutomation.ReportAlter -->
