<?xml version="1.0" encoding="UTF-8"?>
<!-- Generated by org.testng.reporters.JUnitReportReporter -->
<testsuite hostname="Gunjans-MacBook-Pro.local" failures="0" tests="1" name="seeTestAutomation.ScrollDemo" time="25.278" errors="0" timestamp="2023-06-19T01:24:04 IST" skipped="0">
  <testcase classname="seeTestAutomation.ScrollDemo" name="ScrollDemoTest" time="25.278"/>
  <system-out/>
</testsuite> <!-- seeTestAutomation.ScrollDemo -->
