<?xml version="1.0" encoding="UTF-8"?>
<!-- Generated by org.testng.reporters.JUnitReportReporter -->
<testsuite hostname="Gunjans-MacBook-Pro.local" failures="0" tests="1" name="rahulshettyacademy.eCommerce_tc_4_Hybrid" time="33.675" errors="0" timestamp="2023-06-15T11:31:40 IST" skipped="0">
  <testcase classname="rahulshettyacademy.eCommerce_tc_4_Hybrid" name="FillForm4" time="33.675"/>
  <system-out/>
</testsuite> <!-- rahulshettyacademy.eCommerce_tc_4_Hybrid -->
