<?xml version="1.0" encoding="UTF-8"?>
<!-- Generated by org.testng.reporters.JUnitReportReporter -->
<testsuite hostname="Gunjans-MacBook-Pro.local" failures="0" tests="1" name="seeTestAutomation.BaseTest" time="2.009" errors="0" timestamp="2023-06-16T12:08:04 IST" skipped="0">
  <testcase classname="seeTestAutomation.BaseTest" name="DemoRun" time="2.009"/>
  <system-out/>
</testsuite> <!-- seeTestAutomation.BaseTest -->
