<?xml version="1.0" encoding="UTF-8"?>
<!-- Generated by org.testng.reporters.JUnitReportReporter -->
<testsuite hostname="Gunjans-MacBook-Pro.local" failures="0" tests="1" name="seeTestAutomation.checkperformancetransaction" time="28.438" errors="0" timestamp="2023-08-17T10:23:28 IST" skipped="0">
  <testcase classname="seeTestAutomation.checkperformancetransaction" name="quickStartiOSNativeDemo" time="28.438"/>
  <system-out/>
</testsuite> <!-- seeTestAutomation.checkperformancetransaction -->
