<?xml version="1.0" encoding="UTF-8"?>
<!-- Generated by org.testng.reporters.JUnitReportReporter -->
<testsuite hostname="Gunjans-MacBook-Pro.local" failures="0" tests="2" name="seeTestAutomation.IOSBasics" time="6.391" errors="0" timestamp="2023-07-04T16:51:25 IST" skipped="0">
  <testcase classname="seeTestAutomation.IOSBasics" name="Demo" time="2.009"/>
  <system-out/>
  <testcase classname="seeTestAutomation.IOSBasics" name="IOSBasicsTest" time="4.382"/>
  <system-out/>
</testsuite> <!-- seeTestAutomation.IOSBasics -->
