<?xml version="1.0" encoding="UTF-8"?>
<!-- Generated by org.testng.reporters.JUnitReportReporter -->
<testsuite hostname="Gunjans-MacBook-Pro.local" failures="0" tests="1" name="rahulshettyacademy.eCommerce_tc_1" time="16.679" errors="0" timestamp="2023-06-19T11:12:52 IST" skipped="0">
  <testcase classname="rahulshettyacademy.eCommerce_tc_1" name="FillForm2" time="16.679"/>
  <system-out/>
</testsuite> <!-- rahulshettyacademy.eCommerce_tc_1 -->
