<?xml version="1.0" encoding="UTF-8"?>
<!-- Generated by org.testng.reporters.JUnitReportReporter -->
<testsuite hostname="Gunjans-MacBook-Pro.local" failures="0" tests="1" name="seeTestAutomation.BrowserBaseTestforIOS" time="2.007" errors="0" timestamp="2023-06-19T12:06:09 IST" skipped="0">
  <testcase classname="seeTestAutomation.BrowserBaseTestforIOS" name="Demo" time="2.007"/>
  <system-out/>
</testsuite> <!-- seeTestAutomation.BrowserBaseTestforIOS -->
