<?xml version="1.0" encoding="UTF-8"?>
<!-- Generated by org.testng.reporters.JUnitReportReporter -->
<testsuite hostname="Gunjans-MacBook-Pro.local" failures="0" tests="1" name="rahulshettyacademy.IOSSlider" time="4.659" errors="0" timestamp="2023-06-16T09:05:58 IST" skipped="0">
  <testcase classname="rahulshettyacademy.IOSSlider" name="IOSlideTest" time="4.659"/>
  <system-out/>
</testsuite> <!-- rahulshettyacademy.IOSSlider -->
