<?xml version="1.0" encoding="UTF-8"?>
<!-- Generated by org.testng.reporters.JUnitReportReporter -->
<testsuite hostname="Gunjans-MacBook-Pro.local" failures="0" tests="1" name="seeTestAutomation.SwipeDemo" time="8.881" errors="0" timestamp="2023-06-16T14:30:06 IST" skipped="0">
  <testcase classname="seeTestAutomation.SwipeDemo" name="SwipeDemoTest" time="8.881"/>
  <system-out/>
</testsuite> <!-- seeTestAutomation.SwipeDemo -->
