<?xml version="1.0" encoding="UTF-8"?>
<!-- Generated by org.testng.reporters.JUnitReportReporter -->
<testsuite hostname="Gunjans-MacBook-Pro.local" failures="0" tests="1" name="seeTestAutomation.MiscealanousAppActivity" time="12.971" errors="0" timestamp="2023-06-16T14:33:33 IST" skipped="0">
  <testcase classname="seeTestAutomation.MiscealanousAppActivity" name="Miscellanous2" time="12.971"/>
  <system-out/>
</testsuite> <!-- seeTestAutomation.MiscealanousAppActivity -->
