<?xml version="1.0" encoding="UTF-8"?>
<!-- Generated by org.testng.reporters.JUnitReportReporter -->
<testsuite hostname="Gunjans-MacBook-Pro.local" failures="0" tests="1" name="rahulshettyacademy.LongPress" time="8.144" errors="0" timestamp="2023-06-13T23:15:44 IST" skipped="0">
  <testcase classname="rahulshettyacademy.LongPress" name="LongPressGesture" time="8.144"/>
  <system-out/>
</testsuite> <!-- rahulshettyacademy.LongPress -->
