<?xml version="1.0" encoding="UTF-8"?>
<!-- Generated by org.testng.reporters.JUnitReportReporter -->
<testsuite hostname="Gunjans-MacBook-Pro.local" failures="0" tests="2" name="rahulshettyacademy.Vhitest" time="41.887" errors="1" timestamp="2023-07-21T16:52:56 IST" skipped="1">
  <testcase classname="rahulshettyacademy.Vhitest" name="quickStartAndroidBrowserDemo" time="0.000">
    <skipped/>
  </testcase> <!-- quickStartAndroidBrowserDemo -->
  <system-out/>
  <testcase classname="rahulshettyacademy.Vhitest" name="setUp" time="41.887">
    <error message="Could not start a new session. Response code 500. Message: An unknown server-side error occurred while processing the command. Original error: An unknown server-side error occurred while processing the command. Original error: unknown error: Failed to start com.android.chrome on device R3CW604LNEB: Starting: Intent { dat=data: cmp=com.android.chrome/com.google.android.apps.chrome.Main }
Error type 3
Error: Activity class {com.android.chrome/com.google.android.apps.chrome.Main} does not exist.
 
Host info: host: &#039;Gunjans-MacBook-Pro.local&#039;, ip: &#039;2401:4900:1c3e:53a6:802a:c7fb:94ec:2a18%en0&#039;
Build info: version: &#039;4.9.0&#039;, revision: &#039;d7057100a6&#039;
System info: os.name: &#039;Mac OS X&#039;, os.arch: &#039;aarch64&#039;, os.version: &#039;13.4.1&#039;, java.version: &#039;17.0.6&#039;
Driver info: io.appium.java_client.android.AndroidDriver
Command: [null, newSession {capabilities=[{appium:accessKey=eyJhbGciOiJIUzI1NiJ9.eyJ4cC51IjoxNDQwNTIsInhwLnAiOjEsInhwLm0iOjE2ODkyMjM5OTQxNDgsImV4cCI6MjAwNDU4Mzk5NSwiaXNzIjoiY29tLmV4cGVyaXRlc3QifQ.itcTEpeRnwaRrV9nGlKFGZkEftmFgE7yNn8Vl6amrfY, appium:appiumVersion=1.22.0, browserName=Chrome, appium:deviceQuery=@os=&#039;android&#039; and @category=&#039;PHONE&#039;, platformName=ANDROID, appium:testName=Quick Start Android Browser Demo}], desiredCapabilities=Capabilities {accessKey: eyJhbGciOiJIUzI1NiJ9.eyJ4cC..., appiumVersion: 1.22.0, browserName: Chrome, deviceQuery: @os=&#039;android&#039; and @category..., platformName: ANDROID, testName: Quick Start Android Browser...}}]
Capabilities {accessKey: eyJhbGciOiJIUzI1NiJ9.eyJ4cC..., appiumVersion: 1.22.0, browserName: Chrome, deviceQuery: @os=&#039;android&#039; and @category..., platformName: ANDROID, testName: Quick Start Android Browser...}" type="org.openqa.selenium.SessionNotCreatedException">
      <![CDATA[org.openqa.selenium.SessionNotCreatedException: Could not start a new session. Response code 500. Message: An unknown server-side error occurred while processing the command. Original error: An unknown server-side error occurred while processing the command. Original error: unknown error: Failed to start com.android.chrome on device R3CW604LNEB: Starting: Intent { dat=data: cmp=com.android.chrome/com.google.android.apps.chrome.Main }
Error type 3
Error: Activity class {com.android.chrome/com.google.android.apps.chrome.Main} does not exist.
 
Host info: host: 'Gunjans-MacBook-Pro.local', ip: '2401:4900:1c3e:53a6:802a:c7fb:94ec:2a18%en0'
Build info: version: '4.9.0', revision: 'd7057100a6'
System info: os.name: 'Mac OS X', os.arch: 'aarch64', os.version: '13.4.1', java.version: '17.0.6'
Driver info: io.appium.java_client.android.AndroidDriver
Command: [null, newSession {capabilities=[{appium:accessKey=eyJhbGciOiJIUzI1NiJ9.eyJ4cC51IjoxNDQwNTIsInhwLnAiOjEsInhwLm0iOjE2ODkyMjM5OTQxNDgsImV4cCI6MjAwNDU4Mzk5NSwiaXNzIjoiY29tLmV4cGVyaXRlc3QifQ.itcTEpeRnwaRrV9nGlKFGZkEftmFgE7yNn8Vl6amrfY, appium:appiumVersion=1.22.0, browserName=Chrome, appium:deviceQuery=@os='android' and @category='PHONE', platformName=ANDROID, appium:testName=Quick Start Android Browser Demo}], desiredCapabilities=Capabilities {accessKey: eyJhbGciOiJIUzI1NiJ9.eyJ4cC..., appiumVersion: 1.22.0, browserName: Chrome, deviceQuery: @os='android' and @category..., platformName: ANDROID, testName: Quick Start Android Browser...}}]
Capabilities {accessKey: eyJhbGciOiJIUzI1NiJ9.eyJ4cC..., appiumVersion: 1.22.0, browserName: Chrome, deviceQuery: @os='android' and @category..., platformName: ANDROID, testName: Quick Start Android Browser...}
at org.openqa.selenium.remote.ProtocolHandshake.createSession(ProtocolHandshake.java:136)
at java.base/jdk.internal.reflect.NativeMethodAccessorImpl.invoke0(Native Method)
at java.base/jdk.internal.reflect.NativeMethodAccessorImpl.invoke(NativeMethodAccessorImpl.java:77)
at java.base/jdk.internal.reflect.DelegatingMethodAccessorImpl.invoke(DelegatingMethodAccessorImpl.java:43)
at java.base/java.lang.reflect.Method.invoke(Method.java:568)
at io.appium.java_client.remote.AppiumProtocolHandshake.createSession(AppiumProtocolHandshake.java:133)
at io.appium.java_client.remote.AppiumProtocolHandshake.createSession(AppiumProtocolHandshake.java:102)
at io.appium.java_client.remote.AppiumCommandExecutor.createSession(AppiumCommandExecutor.java:194)
at io.appium.java_client.remote.AppiumCommandExecutor.execute(AppiumCommandExecutor.java:262)
at org.openqa.selenium.remote.RemoteWebDriver.execute(RemoteWebDriver.java:543)
at io.appium.java_client.AppiumDriver.startSession(AppiumDriver.java:229)
at org.openqa.selenium.remote.RemoteWebDriver.<init>(RemoteWebDriver.java:157)
at io.appium.java_client.AppiumDriver.<init>(AppiumDriver.java:80)
at io.appium.java_client.AppiumDriver.<init>(AppiumDriver.java:92)
at io.appium.java_client.android.AndroidDriver.<init>(AndroidDriver.java:117)
at rahulshettyacademy.Vhitest.setUp(Vhitest.java:36)
at java.base/jdk.internal.reflect.NativeMethodAccessorImpl.invoke0(Native Method)
at java.base/jdk.internal.reflect.NativeMethodAccessorImpl.invoke(NativeMethodAccessorImpl.java:77)
at java.base/jdk.internal.reflect.DelegatingMethodAccessorImpl.invoke(DelegatingMethodAccessorImpl.java:43)
at java.base/java.lang.reflect.Method.invoke(Method.java:568)
at org.testng.internal.invokers.MethodInvocationHelper.invokeMethod(MethodInvocationHelper.java:139)
at org.testng.internal.invokers.MethodInvocationHelper.invokeMethodConsideringTimeout(MethodInvocationHelper.java:69)
at org.testng.internal.invokers.ConfigInvoker.invokeConfigurationMethod(ConfigInvoker.java:361)
at org.testng.internal.invokers.ConfigInvoker.invokeConfigurations(ConfigInvoker.java:296)
at org.testng.TestRunner.invokeTestConfigurations(TestRunner.java:643)
at org.testng.TestRunner.beforeRun(TestRunner.java:632)
at org.testng.TestRunner.run(TestRunner.java:594)
at org.testng.SuiteRunner.runTest(SuiteRunner.java:433)
at org.testng.SuiteRunner.runSequentially(SuiteRunner.java:427)
at org.testng.SuiteRunner.privateRun(SuiteRunner.java:387)
at org.testng.SuiteRunner.run(SuiteRunner.java:330)
at org.testng.SuiteRunnerWorker.runSuite(SuiteRunnerWorker.java:52)
at org.testng.SuiteRunnerWorker.run(SuiteRunnerWorker.java:95)
at org.testng.TestNG.runSuitesSequentially(TestNG.java:1256)
at org.testng.TestNG.runSuitesLocally(TestNG.java:1176)
at org.testng.TestNG.runSuites(TestNG.java:1099)
at org.testng.TestNG.run(TestNG.java:1067)
at org.testng.remote.AbstractRemoteTestNG.run(AbstractRemoteTestNG.java:115)
at org.testng.remote.RemoteTestNG.initAndRun(RemoteTestNG.java:251)
at org.testng.remote.RemoteTestNG.main(RemoteTestNG.java:77)
]]>
    </error>
  </testcase> <!-- setUp -->
  <system-out/>
</testsuite> <!-- rahulshettyacademy.Vhitest -->
