<?xml version="1.0" encoding="UTF-8"?>
<!-- Generated by org.testng.reporters.JUnitReportReporter -->
<testsuite hostname="Gunjans-MacBook-Pro.local" failures="0" tests="1" name="rahulshettyacademy.AppiumBasics" time="5.947" errors="0" timestamp="2023-06-13T19:22:22 IST" skipped="0">
  <testcase classname="rahulshettyacademy.AppiumBasics" name="WifiSettingsName" time="5.947"/>
  <system-out/>
</testsuite> <!-- rahulshettyacademy.AppiumBasics -->
