<?xml version="1.0" encoding="UTF-8"?>
<!-- Generated by org.testng.reporters.JUnitReportReporter -->
<testsuite hostname="Gunjans-MacBook-Pro.local" failures="0" tests="1" name="rahulshettyacademy.IOSSwipe" time="4.905" errors="0" timestamp="2023-06-16T10:26:55 IST" skipped="0">
  <testcase classname="rahulshettyacademy.IOSSwipe" name="IOSSwipeTest" time="4.905"/>
  <system-out/>
</testsuite> <!-- rahulshettyacademy.IOSSwipe -->
