<?xml version="1.0" encoding="UTF-8"?>
<!-- Generated by org.testng.reporters.JUnitReportReporter -->
<testsuite hostname="Gunjans-MacBook-Pro.local" failures="0" tests="1" name="rahulshettyacademy.MiscealanousAppActivity" time="7.944" errors="0" timestamp="2023-06-15T12:39:19 IST" skipped="0">
  <testcase classname="rahulshettyacademy.MiscealanousAppActivity" name="Miscellanous2" time="7.944"/>
  <system-out/>
</testsuite> <!-- rahulshettyacademy.MiscealanousAppActivity -->
