<?xml version="1.0" encoding="UTF-8"?>
<!-- Generated by org.testng.reporters.JUnitReportReporter -->
<testsuite hostname="Gunjans-MacBook-Pro.local" failures="0" tests="1" name="rahulshettyacademy.MiscealanousAppiumActions" time="10.613" errors="0" timestamp="2023-06-14T12:48:38 IST" skipped="0">
  <testcase classname="rahulshettyacademy.MiscealanousAppiumActions" name="Miscellanous" time="10.613"/>
  <system-out/>
</testsuite> <!-- rahulshettyacademy.MiscealanousAppiumActions -->
