<?xml version="1.0" encoding="UTF-8"?>
<!-- Generated by org.testng.reporters.JUnitReportReporter -->
<testsuite hostname="Gunjans-MacBook-Pro.local" failures="0" tests="1" name="rahulshettyacademy.IOSBasics" time="5.476" errors="0" timestamp="2023-06-15T21:51:44 IST" skipped="0">
  <testcase classname="rahulshettyacademy.IOSBasics" name="IOSBasicsTest" time="5.476"/>
  <system-out/>
</testsuite> <!-- rahulshettyacademy.IOSBasics -->
