<?xml version="1.0" encoding="UTF-8"?>
<!-- Generated by org.testng.reporters.JUnitReportReporter -->
<testsuite hostname="Gunjans-MacBook-Pro.local" failures="0" tests="1" name="rahulshettyacademy.IOSScrollTest" time="11.215" errors="0" timestamp="2023-06-16T02:09:22 IST" skipped="0">
  <testcase classname="rahulshettyacademy.IOSScrollTest" name="IOScrollTest2" time="11.215"/>
  <system-out/>
</testsuite> <!-- rahulshettyacademy.IOSScrollTest -->
