<?xml version="1.0" encoding="UTF-8"?>
<!-- Generated by org.testng.reporters.JUnitReportReporter -->
<testsuite hostname="Gunjans-MacBook-Pro.local" failures="0" tests="2" name="seeTestAutomation.SwipeonCathay" time="35.875" errors="1" timestamp="2023-07-27T11:56:57 IST" skipped="1">
  <testcase classname="seeTestAutomation.SwipeonCathay" name="ScrollDemoTest" time="0.000">
    <skipped/>
  </testcase> <!-- ScrollDemoTest -->
  <system-out/>
  <testcase classname="seeTestAutomation.SwipeonCathay" name="ConfigureAppium" time="35.875">
    <error message="Could not start a new session. Response code 500. Message: An unknown server-side error occurred while processing the command. Original error: The application at &#039;com.am.amlmobile.splash.SplashActivity&#039; does not exist or is not accessible 
Host info: host: &#039;Gunjans-MacBook-Pro.local&#039;, ip: &#039;fe80:0:0:0:474:63e8:3ef9:e93a%en0&#039;
Build info: version: &#039;4.9.0&#039;, revision: &#039;d7057100a6&#039;
System info: os.name: &#039;Mac OS X&#039;, os.arch: &#039;aarch64&#039;, os.version: &#039;13.4.1&#039;, java.version: &#039;17.0.6&#039;
Driver info: io.appium.java_client.android.AndroidDriver
Command: [null, newSession {capabilities=[{appium:deviceQuery=@serialNumber=&#039;RF8M73A9G4X&#039;, appium:appiumVersion=1.22.3, platformName=ANDROID, appium:accessKey=eyJhbGciOiJIUzI1NiJ9.eyJ4cC51IjoxMjk4ODAsInhwLnAiOjEsInhwLm0iOjE2ODkwNTIwNTU0MTUsImV4cCI6MjAwNDY5MTI4MywiaXNzIjoiY29tLmV4cGVyaXRlc3QifQ.VNyYkDZxyxYRRVtSM_WPiOwhYc4I8j5VEjh7v4BfBTA, appium:automationName=UIAutomator2, appium:app=com.am.amlmobile.splash.SplashActivity}], desiredCapabilities=Capabilities {appium:accessKey: eyJhbGciOiJIUzI1NiJ9.eyJ4cC..., appium:app: com.am.amlmobile.splash.Spl..., appium:appiumVersion: 1.22.3, appium:automationName: UIAutomator2, appium:deviceQuery: @serialNumber=&#039;RF8M73A9G4X&#039;, platformName: ANDROID}}]
Capabilities {appium:accessKey: eyJhbGciOiJIUzI1NiJ9.eyJ4cC..., appium:app: com.am.amlmobile.splash.Spl..., appium:appiumVersion: 1.22.3, appium:automationName: UIAutomator2, appium:deviceQuery: @serialNumber=&#039;RF8M73A9G4X&#039;, platformName: ANDROID}" type="org.openqa.selenium.SessionNotCreatedException">
      <![CDATA[org.openqa.selenium.SessionNotCreatedException: Could not start a new session. Response code 500. Message: An unknown server-side error occurred while processing the command. Original error: The application at 'com.am.amlmobile.splash.SplashActivity' does not exist or is not accessible 
Host info: host: 'Gunjans-MacBook-Pro.local', ip: 'fe80:0:0:0:474:63e8:3ef9:e93a%en0'
Build info: version: '4.9.0', revision: 'd7057100a6'
System info: os.name: 'Mac OS X', os.arch: 'aarch64', os.version: '13.4.1', java.version: '17.0.6'
Driver info: io.appium.java_client.android.AndroidDriver
Command: [null, newSession {capabilities=[{appium:deviceQuery=@serialNumber='RF8M73A9G4X', appium:appiumVersion=1.22.3, platformName=ANDROID, appium:accessKey=eyJhbGciOiJIUzI1NiJ9.eyJ4cC51IjoxMjk4ODAsInhwLnAiOjEsInhwLm0iOjE2ODkwNTIwNTU0MTUsImV4cCI6MjAwNDY5MTI4MywiaXNzIjoiY29tLmV4cGVyaXRlc3QifQ.VNyYkDZxyxYRRVtSM_WPiOwhYc4I8j5VEjh7v4BfBTA, appium:automationName=UIAutomator2, appium:app=com.am.amlmobile.splash.SplashActivity}], desiredCapabilities=Capabilities {appium:accessKey: eyJhbGciOiJIUzI1NiJ9.eyJ4cC..., appium:app: com.am.amlmobile.splash.Spl..., appium:appiumVersion: 1.22.3, appium:automationName: UIAutomator2, appium:deviceQuery: @serialNumber='RF8M73A9G4X', platformName: ANDROID}}]
Capabilities {appium:accessKey: eyJhbGciOiJIUzI1NiJ9.eyJ4cC..., appium:app: com.am.amlmobile.splash.Spl..., appium:appiumVersion: 1.22.3, appium:automationName: UIAutomator2, appium:deviceQuery: @serialNumber='RF8M73A9G4X', platformName: ANDROID}
at org.openqa.selenium.remote.ProtocolHandshake.createSession(ProtocolHandshake.java:136)
at java.base/jdk.internal.reflect.NativeMethodAccessorImpl.invoke0(Native Method)
at java.base/jdk.internal.reflect.NativeMethodAccessorImpl.invoke(NativeMethodAccessorImpl.java:77)
at java.base/jdk.internal.reflect.DelegatingMethodAccessorImpl.invoke(DelegatingMethodAccessorImpl.java:43)
at java.base/java.lang.reflect.Method.invoke(Method.java:568)
at io.appium.java_client.remote.AppiumProtocolHandshake.createSession(AppiumProtocolHandshake.java:133)
at io.appium.java_client.remote.AppiumProtocolHandshake.createSession(AppiumProtocolHandshake.java:102)
at io.appium.java_client.remote.AppiumCommandExecutor.createSession(AppiumCommandExecutor.java:194)
at io.appium.java_client.remote.AppiumCommandExecutor.execute(AppiumCommandExecutor.java:262)
at org.openqa.selenium.remote.RemoteWebDriver.execute(RemoteWebDriver.java:543)
at io.appium.java_client.AppiumDriver.startSession(AppiumDriver.java:229)
at org.openqa.selenium.remote.RemoteWebDriver.<init>(RemoteWebDriver.java:157)
at io.appium.java_client.AppiumDriver.<init>(AppiumDriver.java:80)
at io.appium.java_client.AppiumDriver.<init>(AppiumDriver.java:92)
at io.appium.java_client.android.AndroidDriver.<init>(AndroidDriver.java:117)
at seeTestAutomation.BaseTest.ConfigureAppium(BaseTest.java:55)
at java.base/jdk.internal.reflect.NativeMethodAccessorImpl.invoke0(Native Method)
at java.base/jdk.internal.reflect.NativeMethodAccessorImpl.invoke(NativeMethodAccessorImpl.java:77)
at java.base/jdk.internal.reflect.DelegatingMethodAccessorImpl.invoke(DelegatingMethodAccessorImpl.java:43)
at java.base/java.lang.reflect.Method.invoke(Method.java:568)
at org.testng.internal.invokers.MethodInvocationHelper.invokeMethod(MethodInvocationHelper.java:139)
at org.testng.internal.invokers.MethodInvocationHelper.invokeMethodConsideringTimeout(MethodInvocationHelper.java:69)
at org.testng.internal.invokers.ConfigInvoker.invokeConfigurationMethod(ConfigInvoker.java:361)
at org.testng.internal.invokers.ConfigInvoker.invokeConfigurations(ConfigInvoker.java:296)
at org.testng.internal.invokers.TestMethodWorker.invokeBeforeClassMethods(TestMethodWorker.java:180)
at org.testng.internal.invokers.TestMethodWorker.run(TestMethodWorker.java:122)
at java.base/java.util.ArrayList.forEach(ArrayList.java:1511)
at org.testng.TestRunner.privateRun(TestRunner.java:806)
at org.testng.TestRunner.run(TestRunner.java:601)
at org.testng.SuiteRunner.runTest(SuiteRunner.java:433)
at org.testng.SuiteRunner.runSequentially(SuiteRunner.java:427)
at org.testng.SuiteRunner.privateRun(SuiteRunner.java:387)
at org.testng.SuiteRunner.run(SuiteRunner.java:330)
at org.testng.SuiteRunnerWorker.runSuite(SuiteRunnerWorker.java:52)
at org.testng.SuiteRunnerWorker.run(SuiteRunnerWorker.java:95)
at org.testng.TestNG.runSuitesSequentially(TestNG.java:1256)
at org.testng.TestNG.runSuitesLocally(TestNG.java:1176)
at org.testng.TestNG.runSuites(TestNG.java:1099)
at org.testng.TestNG.run(TestNG.java:1067)
at org.testng.remote.AbstractRemoteTestNG.run(AbstractRemoteTestNG.java:115)
at org.testng.remote.RemoteTestNG.initAndRun(RemoteTestNG.java:251)
at org.testng.remote.RemoteTestNG.main(RemoteTestNG.java:77)
]]>
    </error>
  </testcase> <!-- ConfigureAppium -->
  <system-out/>
</testsuite> <!-- seeTestAutomation.SwipeonCathay -->
