<?xml version="1.0" encoding="UTF-8"?>
<!-- Generated by org.testng.reporters.JUnitReportReporter -->
<testsuite hostname="Gunjans-MacBook-Pro.local" failures="0" tests="2" name="seeTestAutomation.IOSScrollTest" time="16.725" errors="0" timestamp="2023-06-19T01:56:46 IST" skipped="0">
  <testcase classname="seeTestAutomation.IOSScrollTest" name="Demo" time="2.009"/>
  <system-out/>
  <testcase classname="seeTestAutomation.IOSScrollTest" name="IOScrollTest2" time="14.716"/>
  <system-out/>
</testsuite> <!-- seeTestAutomation.IOSScrollTest -->
