<?xml version="1.0" encoding="UTF-8"?>
<!-- Generated by org.testng.reporters.JUnitReportReporter -->
<testsuite hostname="Gunjans-MacBook-Pro.local" failures="0" tests="2" name="seeTestAutomation.aiachina" time="0.745" errors="1" timestamp="2023-08-14T13:57:31 IST" skipped="1">
  <testcase classname="seeTestAutomation.aiachina" name="setUp" time="0.745">
    <error message="Could not start a new session. Response code 500. Message: Cant run Appium Grid with Appium client 8+, please use a lower version 
Host info: host: &#039;Gunjans-MacBook-Pro.local&#039;, ip: &#039;2401:4900:1c3f:eba5:9c85:6573:96f0:fb7b%en0&#039;
Build info: version: &#039;4.9.0&#039;, revision: &#039;d7057100a6&#039;
System info: os.name: &#039;Mac OS X&#039;, os.arch: &#039;aarch64&#039;, os.version: &#039;13.5&#039;, java.version: &#039;17.0.6&#039;
Driver info: io.appium.java_client.ios.IOSDriver
Command: [null, newSession {capabilities=[{appium:accessKey=eyJhbGciOiJIUzI1NiJ9.eyJ4cC51Ijo5MjY5NDQsInhwLnAiOjEsInhwLm0iOjE2OTIwMDAwMTIwODgsImV4cCI6MjAwNzM2MDAxMiwiaXNzIjoiY29tLmV4cGVyaXRlc3QifQ.sNRvvWTDRQ_FYsE0jlq6xrH3q7u2Ag99mAeH5wHe04g, appium:bundleId=com.aiahk.idirect.uat, appium:deviceQuery=@serialnumber=&#039;00008030-00142586223A802E&#039;, appium:instrumentApp=true, platformName=IOS}], desiredCapabilities=Capabilities {accessKey: eyJhbGciOiJIUzI1NiJ9.eyJ4cC..., bundleId: com.aiahk.idirect.uat, deviceQuery: @serialnumber=&#039;00008030-001..., instrumentApp: true, platformName: IOS}}]
Capabilities {accessKey: eyJhbGciOiJIUzI1NiJ9.eyJ4cC..., bundleId: com.aiahk.idirect.uat, deviceQuery: @serialnumber=&#039;00008030-001..., instrumentApp: true, platformName: IOS}" type="org.openqa.selenium.SessionNotCreatedException">
      <![CDATA[org.openqa.selenium.SessionNotCreatedException: Could not start a new session. Response code 500. Message: Cant run Appium Grid with Appium client 8+, please use a lower version 
Host info: host: 'Gunjans-MacBook-Pro.local', ip: '2401:4900:1c3f:eba5:9c85:6573:96f0:fb7b%en0'
Build info: version: '4.9.0', revision: 'd7057100a6'
System info: os.name: 'Mac OS X', os.arch: 'aarch64', os.version: '13.5', java.version: '17.0.6'
Driver info: io.appium.java_client.ios.IOSDriver
Command: [null, newSession {capabilities=[{appium:accessKey=eyJhbGciOiJIUzI1NiJ9.eyJ4cC51Ijo5MjY5NDQsInhwLnAiOjEsInhwLm0iOjE2OTIwMDAwMTIwODgsImV4cCI6MjAwNzM2MDAxMiwiaXNzIjoiY29tLmV4cGVyaXRlc3QifQ.sNRvvWTDRQ_FYsE0jlq6xrH3q7u2Ag99mAeH5wHe04g, appium:bundleId=com.aiahk.idirect.uat, appium:deviceQuery=@serialnumber='00008030-00142586223A802E', appium:instrumentApp=true, platformName=IOS}], desiredCapabilities=Capabilities {accessKey: eyJhbGciOiJIUzI1NiJ9.eyJ4cC..., bundleId: com.aiahk.idirect.uat, deviceQuery: @serialnumber='00008030-001..., instrumentApp: true, platformName: IOS}}]
Capabilities {accessKey: eyJhbGciOiJIUzI1NiJ9.eyJ4cC..., bundleId: com.aiahk.idirect.uat, deviceQuery: @serialnumber='00008030-001..., instrumentApp: true, platformName: IOS}
at org.openqa.selenium.remote.ProtocolHandshake.createSession(ProtocolHandshake.java:136)
at java.base/jdk.internal.reflect.NativeMethodAccessorImpl.invoke0(Native Method)
at java.base/jdk.internal.reflect.NativeMethodAccessorImpl.invoke(NativeMethodAccessorImpl.java:77)
at java.base/jdk.internal.reflect.DelegatingMethodAccessorImpl.invoke(DelegatingMethodAccessorImpl.java:43)
at java.base/java.lang.reflect.Method.invoke(Method.java:568)
at io.appium.java_client.remote.AppiumProtocolHandshake.createSession(AppiumProtocolHandshake.java:133)
at io.appium.java_client.remote.AppiumProtocolHandshake.createSession(AppiumProtocolHandshake.java:102)
at io.appium.java_client.remote.AppiumCommandExecutor.createSession(AppiumCommandExecutor.java:194)
at io.appium.java_client.remote.AppiumCommandExecutor.execute(AppiumCommandExecutor.java:262)
at org.openqa.selenium.remote.RemoteWebDriver.execute(RemoteWebDriver.java:543)
at io.appium.java_client.AppiumDriver.startSession(AppiumDriver.java:229)
at org.openqa.selenium.remote.RemoteWebDriver.<init>(RemoteWebDriver.java:157)
at io.appium.java_client.AppiumDriver.<init>(AppiumDriver.java:80)
at io.appium.java_client.AppiumDriver.<init>(AppiumDriver.java:92)
at io.appium.java_client.ios.IOSDriver.<init>(IOSDriver.java:106)
at seeTestAutomation.aiachina.setUp(aiachina.java:30)
at java.base/jdk.internal.reflect.NativeMethodAccessorImpl.invoke0(Native Method)
at java.base/jdk.internal.reflect.NativeMethodAccessorImpl.invoke(NativeMethodAccessorImpl.java:77)
at java.base/jdk.internal.reflect.DelegatingMethodAccessorImpl.invoke(DelegatingMethodAccessorImpl.java:43)
at java.base/java.lang.reflect.Method.invoke(Method.java:568)
at org.testng.internal.invokers.MethodInvocationHelper.invokeMethod(MethodInvocationHelper.java:139)
at org.testng.internal.invokers.MethodInvocationHelper.invokeMethodConsideringTimeout(MethodInvocationHelper.java:69)
at org.testng.internal.invokers.ConfigInvoker.invokeConfigurationMethod(ConfigInvoker.java:361)
at org.testng.internal.invokers.ConfigInvoker.invokeConfigurations(ConfigInvoker.java:296)
at org.testng.TestRunner.invokeTestConfigurations(TestRunner.java:643)
at org.testng.TestRunner.beforeRun(TestRunner.java:632)
at org.testng.TestRunner.run(TestRunner.java:594)
at org.testng.SuiteRunner.runTest(SuiteRunner.java:433)
at org.testng.SuiteRunner.runSequentially(SuiteRunner.java:427)
at org.testng.SuiteRunner.privateRun(SuiteRunner.java:387)
at org.testng.SuiteRunner.run(SuiteRunner.java:330)
at org.testng.SuiteRunnerWorker.runSuite(SuiteRunnerWorker.java:52)
at org.testng.SuiteRunnerWorker.run(SuiteRunnerWorker.java:95)
at org.testng.TestNG.runSuitesSequentially(TestNG.java:1256)
at org.testng.TestNG.runSuitesLocally(TestNG.java:1176)
at org.testng.TestNG.runSuites(TestNG.java:1099)
at org.testng.TestNG.run(TestNG.java:1067)
at org.testng.remote.AbstractRemoteTestNG.run(AbstractRemoteTestNG.java:115)
at org.testng.remote.RemoteTestNG.initAndRun(RemoteTestNG.java:251)
at org.testng.remote.RemoteTestNG.main(RemoteTestNG.java:77)
]]>
    </error>
  </testcase> <!-- setUp -->
  <system-out/>
  <testcase classname="seeTestAutomation.aiachina" name="generatedMethod" time="0.000">
    <skipped/>
  </testcase> <!-- generatedMethod -->
  <system-out/>
</testsuite> <!-- seeTestAutomation.aiachina -->
