<?xml version="1.0" encoding="UTF-8"?>
<!-- Generated by org.testng.reporters.JUnitReportReporter -->
<testsuite hostname="Gunjans-MacBook-Pro.local" failures="0" tests="1" name="rahulshettyacademy.MobileBrowserTest" time="8.632" errors="0" timestamp="2023-06-15T12:40:29 IST" skipped="0">
  <testcase classname="rahulshettyacademy.MobileBrowserTest" name="browserTest" time="8.632"/>
  <system-out/>
</testsuite> <!-- rahulshettyacademy.MobileBrowserTest -->
