<?xml version="1.0" encoding="UTF-8"?>
<!-- Generated by org.testng.reporters.JUnitReportReporter -->
<testsuite hostname="Gunjans-MacBook-Pro.local" failures="0" tests="1" name="seeTestAutomation.eCommerce_tc_4_Hybrid" time="54.236" errors="0" timestamp="2023-06-19T02:19:45 IST" skipped="0">
  <testcase classname="seeTestAutomation.eCommerce_tc_4_Hybrid" name="FillForm4" time="54.236"/>
  <system-out/>
</testsuite> <!-- seeTestAutomation.eCommerce_tc_4_Hybrid -->
