<?xml version="1.0" encoding="UTF-8"?>
<!-- Generated by org.testng.reporters.JUnitReportReporter -->
<testsuite hostname="Gunjans-MacBook-Pro.local" failures="0" tests="2" name="seeTestAutomation.biogenIosdriverissue" time="52.906" errors="2" timestamp="2023-08-09T12:23:52 IST" skipped="0">
  <testcase classname="seeTestAutomation.biogenIosdriverissue" name="quickStartiOSNativeDemo" time="52.589">
    <error message="Your session was disconnected - Test Request Cancelled
Build info: version: &#039;4.9.0&#039;, revision: &#039;d7057100a6&#039;
System info: os.name: &#039;Mac OS X&#039;, os.arch: &#039;aarch64&#039;, os.version: &#039;13.5&#039;, java.version: &#039;17.0.6&#039;
Driver info: io.appium.java_client.ios.IOSDriver
Command: [2d1f767f-3fdb-4c4a-aacb-f317503c6662, findElement {using=xpath, value=//*[@name=&#039;phoneTextField&#039;]}]
Capabilities {appium:app: , appium:appiumVersion: 2.0.0.beta.23, appium:automationName: XCUITest, appium:bundleId: com.experitest.ExperiBank, appium:cloudViewLink: https://biogen.experitest.c..., appium:databaseEnabled: false, appium:deviceName: auto, appium:deviceQuery: @os=&#039;ios&#039; and @version=&#039;15...., appium:ehmPrefixUrl: /agent-205363, appium:ehmUrl: https://biogen.experitest.c..., appium:experitestCloudSessionId: CLOUD-SID:2023-08-09_06-52-..., appium:fullReset: false, appium:gridNodePort: 0, appium:javascriptEnabled: true, appium:locationContextEnabled: false, appium:networkConnectionEnabled: false, appium:packageApplicationId: com.experitest.ExperiBank, appium:platformVersion: 15.4, appium:reportTestId: 23680, appium:reportUrl: https://biogen.experitest.c..., appium:startIWDP: false, appium:takesScreenshot: true, appium:testName: Quick Start iOS Native Demo, appium:udid: 00008030-000C0C1822D8802E, appium:useNewWDA: false, appium:usePrebuiltWDA: true, appium:webStorageEnabled: false, experitest:client8: true, experitest:originalApp: cloud:com.experitest.Experi..., experitest:originalFullReset: false, platformName: IOS}
Session ID: 2d1f767f-3fdb-4c4a-aacb-f317503c6662" type="org.openqa.selenium.NoSuchSessionException">
      <![CDATA[org.openqa.selenium.NoSuchSessionException: Your session was disconnected - Test Request Cancelled
Build info: version: '4.9.0', revision: 'd7057100a6'
System info: os.name: 'Mac OS X', os.arch: 'aarch64', os.version: '13.5', java.version: '17.0.6'
Driver info: io.appium.java_client.ios.IOSDriver
Command: [2d1f767f-3fdb-4c4a-aacb-f317503c6662, findElement {using=xpath, value=//*[@name='phoneTextField']}]
Capabilities {appium:app: , appium:appiumVersion: 2.0.0.beta.23, appium:automationName: XCUITest, appium:bundleId: com.experitest.ExperiBank, appium:cloudViewLink: https://biogen.experitest.c..., appium:databaseEnabled: false, appium:deviceName: auto, appium:deviceQuery: @os='ios' and @version='15...., appium:ehmPrefixUrl: /agent-205363, appium:ehmUrl: https://biogen.experitest.c..., appium:experitestCloudSessionId: CLOUD-SID:2023-08-09_06-52-..., appium:fullReset: false, appium:gridNodePort: 0, appium:javascriptEnabled: true, appium:locationContextEnabled: false, appium:networkConnectionEnabled: false, appium:packageApplicationId: com.experitest.ExperiBank, appium:platformVersion: 15.4, appium:reportTestId: 23680, appium:reportUrl: https://biogen.experitest.c..., appium:startIWDP: false, appium:takesScreenshot: true, appium:testName: Quick Start iOS Native Demo, appium:udid: 00008030-000C0C1822D8802E, appium:useNewWDA: false, appium:usePrebuiltWDA: true, appium:webStorageEnabled: false, experitest:client8: true, experitest:originalApp: cloud:com.experitest.Experi..., experitest:originalFullReset: false, platformName: IOS}
Session ID: 2d1f767f-3fdb-4c4a-aacb-f317503c6662
at java.base/jdk.internal.reflect.NativeConstructorAccessorImpl.newInstance0(Native Method)
at java.base/jdk.internal.reflect.NativeConstructorAccessorImpl.newInstance(NativeConstructorAccessorImpl.java:77)
at java.base/jdk.internal.reflect.DelegatingConstructorAccessorImpl.newInstance(DelegatingConstructorAccessorImpl.java:45)
at java.base/java.lang.reflect.Constructor.newInstanceWithCaller(Constructor.java:499)
at java.base/java.lang.reflect.Constructor.newInstance(Constructor.java:480)
at org.openqa.selenium.remote.codec.w3c.W3CHttpResponseCodec.createException(W3CHttpResponseCodec.java:200)
at org.openqa.selenium.remote.codec.w3c.W3CHttpResponseCodec.decode(W3CHttpResponseCodec.java:133)
at org.openqa.selenium.remote.codec.w3c.W3CHttpResponseCodec.decode(W3CHttpResponseCodec.java:53)
at org.openqa.selenium.remote.HttpCommandExecutor.execute(HttpCommandExecutor.java:193)
at io.appium.java_client.remote.AppiumCommandExecutor.execute(AppiumCommandExecutor.java:262)
at org.openqa.selenium.remote.RemoteWebDriver.execute(RemoteWebDriver.java:543)
at org.openqa.selenium.remote.ElementLocation$ElementFinder$2.findElement(ElementLocation.java:162)
at org.openqa.selenium.remote.ElementLocation.findElement(ElementLocation.java:60)
at org.openqa.selenium.remote.RemoteWebDriver.findElement(RemoteWebDriver.java:352)
at org.openqa.selenium.remote.RemoteWebDriver.findElement(RemoteWebDriver.java:344)
at seeTestAutomation.biogenIosdriverissue.quickStartiOSNativeDemo(biogenIosdriverissue.java:38)
at java.base/jdk.internal.reflect.NativeMethodAccessorImpl.invoke0(Native Method)
at java.base/jdk.internal.reflect.NativeMethodAccessorImpl.invoke(NativeMethodAccessorImpl.java:77)
at java.base/jdk.internal.reflect.DelegatingMethodAccessorImpl.invoke(DelegatingMethodAccessorImpl.java:43)
at java.base/java.lang.reflect.Method.invoke(Method.java:568)
at org.testng.internal.invokers.MethodInvocationHelper.invokeMethod(MethodInvocationHelper.java:139)
at org.testng.internal.invokers.TestInvoker.invokeMethod(TestInvoker.java:677)
at org.testng.internal.invokers.TestInvoker.invokeTestMethod(TestInvoker.java:221)
at org.testng.internal.invokers.MethodRunner.runInSequence(MethodRunner.java:50)
at org.testng.internal.invokers.TestInvoker$MethodInvocationAgent.invoke(TestInvoker.java:962)
at org.testng.internal.invokers.TestInvoker.invokeTestMethods(TestInvoker.java:194)
at org.testng.internal.invokers.TestMethodWorker.invokeTestMethods(TestMethodWorker.java:148)
at org.testng.internal.invokers.TestMethodWorker.run(TestMethodWorker.java:128)
at java.base/java.util.ArrayList.forEach(ArrayList.java:1511)
at org.testng.TestRunner.privateRun(TestRunner.java:806)
at org.testng.TestRunner.run(TestRunner.java:601)
at org.testng.SuiteRunner.runTest(SuiteRunner.java:433)
at org.testng.SuiteRunner.runSequentially(SuiteRunner.java:427)
at org.testng.SuiteRunner.privateRun(SuiteRunner.java:387)
at org.testng.SuiteRunner.run(SuiteRunner.java:330)
at org.testng.SuiteRunnerWorker.runSuite(SuiteRunnerWorker.java:52)
at org.testng.SuiteRunnerWorker.run(SuiteRunnerWorker.java:95)
at org.testng.TestNG.runSuitesSequentially(TestNG.java:1256)
at org.testng.TestNG.runSuitesLocally(TestNG.java:1176)
at org.testng.TestNG.runSuites(TestNG.java:1099)
at org.testng.TestNG.run(TestNG.java:1067)
at org.testng.remote.AbstractRemoteTestNG.run(AbstractRemoteTestNG.java:115)
at org.testng.remote.RemoteTestNG.initAndRun(RemoteTestNG.java:251)
at org.testng.remote.RemoteTestNG.main(RemoteTestNG.java:77)
]]>
    </error>
  </testcase> <!-- quickStartiOSNativeDemo -->
  <system-out/>
  <testcase classname="seeTestAutomation.biogenIosdriverissue" name="tearDown" time="0.317">
    <error message="Your session was disconnected - Test Request Cancelled
Build info: version: &#039;4.9.0&#039;, revision: &#039;d7057100a6&#039;
System info: os.name: &#039;Mac OS X&#039;, os.arch: &#039;aarch64&#039;, os.version: &#039;13.5&#039;, java.version: &#039;17.0.6&#039;
Driver info: io.appium.java_client.ios.IOSDriver
Command: [2d1f767f-3fdb-4c4a-aacb-f317503c6662, quit {}]
Capabilities {appium:app: , appium:appiumVersion: 2.0.0.beta.23, appium:automationName: XCUITest, appium:bundleId: com.experitest.ExperiBank, appium:cloudViewLink: https://biogen.experitest.c..., appium:databaseEnabled: false, appium:deviceName: auto, appium:deviceQuery: @os=&#039;ios&#039; and @version=&#039;15...., appium:ehmPrefixUrl: /agent-205363, appium:ehmUrl: https://biogen.experitest.c..., appium:experitestCloudSessionId: CLOUD-SID:2023-08-09_06-52-..., appium:fullReset: false, appium:gridNodePort: 0, appium:javascriptEnabled: true, appium:locationContextEnabled: false, appium:networkConnectionEnabled: false, appium:packageApplicationId: com.experitest.ExperiBank, appium:platformVersion: 15.4, appium:reportTestId: 23680, appium:reportUrl: https://biogen.experitest.c..., appium:startIWDP: false, appium:takesScreenshot: true, appium:testName: Quick Start iOS Native Demo, appium:udid: 00008030-000C0C1822D8802E, appium:useNewWDA: false, appium:usePrebuiltWDA: true, appium:webStorageEnabled: false, experitest:client8: true, experitest:originalApp: cloud:com.experitest.Experi..., experitest:originalFullReset: false, platformName: IOS}
Session ID: 2d1f767f-3fdb-4c4a-aacb-f317503c6662" type="org.openqa.selenium.NoSuchSessionException">
      <![CDATA[org.openqa.selenium.NoSuchSessionException: Your session was disconnected - Test Request Cancelled
Build info: version: '4.9.0', revision: 'd7057100a6'
System info: os.name: 'Mac OS X', os.arch: 'aarch64', os.version: '13.5', java.version: '17.0.6'
Driver info: io.appium.java_client.ios.IOSDriver
Command: [2d1f767f-3fdb-4c4a-aacb-f317503c6662, quit {}]
Capabilities {appium:app: , appium:appiumVersion: 2.0.0.beta.23, appium:automationName: XCUITest, appium:bundleId: com.experitest.ExperiBank, appium:cloudViewLink: https://biogen.experitest.c..., appium:databaseEnabled: false, appium:deviceName: auto, appium:deviceQuery: @os='ios' and @version='15...., appium:ehmPrefixUrl: /agent-205363, appium:ehmUrl: https://biogen.experitest.c..., appium:experitestCloudSessionId: CLOUD-SID:2023-08-09_06-52-..., appium:fullReset: false, appium:gridNodePort: 0, appium:javascriptEnabled: true, appium:locationContextEnabled: false, appium:networkConnectionEnabled: false, appium:packageApplicationId: com.experitest.ExperiBank, appium:platformVersion: 15.4, appium:reportTestId: 23680, appium:reportUrl: https://biogen.experitest.c..., appium:startIWDP: false, appium:takesScreenshot: true, appium:testName: Quick Start iOS Native Demo, appium:udid: 00008030-000C0C1822D8802E, appium:useNewWDA: false, appium:usePrebuiltWDA: true, appium:webStorageEnabled: false, experitest:client8: true, experitest:originalApp: cloud:com.experitest.Experi..., experitest:originalFullReset: false, platformName: IOS}
Session ID: 2d1f767f-3fdb-4c4a-aacb-f317503c6662
at java.base/jdk.internal.reflect.NativeConstructorAccessorImpl.newInstance0(Native Method)
at java.base/jdk.internal.reflect.NativeConstructorAccessorImpl.newInstance(NativeConstructorAccessorImpl.java:77)
at java.base/jdk.internal.reflect.DelegatingConstructorAccessorImpl.newInstance(DelegatingConstructorAccessorImpl.java:45)
at java.base/java.lang.reflect.Constructor.newInstanceWithCaller(Constructor.java:499)
at java.base/java.lang.reflect.Constructor.newInstance(Constructor.java:480)
at org.openqa.selenium.remote.codec.w3c.W3CHttpResponseCodec.createException(W3CHttpResponseCodec.java:200)
at org.openqa.selenium.remote.codec.w3c.W3CHttpResponseCodec.decode(W3CHttpResponseCodec.java:133)
at org.openqa.selenium.remote.codec.w3c.W3CHttpResponseCodec.decode(W3CHttpResponseCodec.java:53)
at org.openqa.selenium.remote.HttpCommandExecutor.execute(HttpCommandExecutor.java:193)
at io.appium.java_client.remote.AppiumCommandExecutor.execute(AppiumCommandExecutor.java:262)
at org.openqa.selenium.remote.RemoteWebDriver.execute(RemoteWebDriver.java:543)
at org.openqa.selenium.remote.RemoteWebDriver.execute(RemoteWebDriver.java:598)
at io.appium.java_client.AppiumDriver.execute(AppiumDriver.java:272)
at org.openqa.selenium.remote.RemoteWebDriver.quit(RemoteWebDriver.java:445)
at seeTestAutomation.biogenIosdriverissue.tearDown(biogenIosdriverissue.java:50)
at java.base/jdk.internal.reflect.NativeMethodAccessorImpl.invoke0(Native Method)
at java.base/jdk.internal.reflect.NativeMethodAccessorImpl.invoke(NativeMethodAccessorImpl.java:77)
at java.base/jdk.internal.reflect.DelegatingMethodAccessorImpl.invoke(DelegatingMethodAccessorImpl.java:43)
at java.base/java.lang.reflect.Method.invoke(Method.java:568)
at org.testng.internal.invokers.MethodInvocationHelper.invokeMethod(MethodInvocationHelper.java:139)
at org.testng.internal.invokers.MethodInvocationHelper.invokeMethodConsideringTimeout(MethodInvocationHelper.java:69)
at org.testng.internal.invokers.ConfigInvoker.invokeConfigurationMethod(ConfigInvoker.java:361)
at org.testng.internal.invokers.ConfigInvoker.invokeConfigurations(ConfigInvoker.java:296)
at org.testng.TestRunner.invokeTestConfigurations(TestRunner.java:643)
at org.testng.TestRunner.afterRun(TestRunner.java:891)
at org.testng.TestRunner.run(TestRunner.java:604)
at org.testng.SuiteRunner.runTest(SuiteRunner.java:433)
at org.testng.SuiteRunner.runSequentially(SuiteRunner.java:427)
at org.testng.SuiteRunner.privateRun(SuiteRunner.java:387)
at org.testng.SuiteRunner.run(SuiteRunner.java:330)
at org.testng.SuiteRunnerWorker.runSuite(SuiteRunnerWorker.java:52)
at org.testng.SuiteRunnerWorker.run(SuiteRunnerWorker.java:95)
at org.testng.TestNG.runSuitesSequentially(TestNG.java:1256)
at org.testng.TestNG.runSuitesLocally(TestNG.java:1176)
at org.testng.TestNG.runSuites(TestNG.java:1099)
at org.testng.TestNG.run(TestNG.java:1067)
at org.testng.remote.AbstractRemoteTestNG.run(AbstractRemoteTestNG.java:115)
at org.testng.remote.RemoteTestNG.initAndRun(RemoteTestNG.java:251)
at org.testng.remote.RemoteTestNG.main(RemoteTestNG.java:77)
]]>
    </error>
  </testcase> <!-- tearDown -->
  <system-out/>
</testsuite> <!-- seeTestAutomation.biogenIosdriverissue -->
