<?xml version="1.0" encoding="UTF-8"?>
<!-- Generated by org.testng.reporters.JUnitReportReporter -->
<testsuite hostname="Gunjans-MacBook-Pro.local" failures="0" tests="1" name="seeTestAutomation.MiscealanousAppiumActions" time="15.068" errors="0" timestamp="2023-06-16T14:41:14 IST" skipped="0">
  <testcase classname="seeTestAutomation.MiscealanousAppiumActions" name="Miscellanous" time="15.068"/>
  <system-out/>
</testsuite> <!-- seeTestAutomation.MiscealanousAppiumActions -->
