<?xml version="1.0" encoding="UTF-8"?>
<!-- Generated by org.testng.reporters.JUnitReportReporter -->
<testsuite hostname="Gunjans-MacBook-Pro.local" failures="0" tests="1" name="seeTestAutomation.SwipeonCathay2" time="3.717" errors="0" timestamp="2023-07-28T11:12:24 IST" skipped="0">
  <testcase classname="seeTestAutomation.SwipeonCathay2" name="ScrollDemoTest" time="3.717"/>
  <system-out/>
</testsuite> <!-- seeTestAutomation.SwipeonCathay2 -->
