<?xml version="1.0" encoding="UTF-8"?>
<!-- Generated by org.testng.reporters.JUnitReportReporter -->
<testsuite hostname="Gunjans-MacBook-Pro.local" failures="0" tests="1" name="seeTestAutomation.UsissueAndroid" time="19.277" errors="0" timestamp="2023-06-21T21:58:28 IST" skipped="0">
  <testcase classname="seeTestAutomation.UsissueAndroid" name="demo" time="19.277"/>
  <system-out/>
</testsuite> <!-- seeTestAutomation.UsissueAndroid -->
