<?xml version="1.0" encoding="UTF-8"?>
<!-- Generated by org.testng.reporters.JUnitReportReporter -->
<testsuite hostname="Gunjans-MacBook-Pro.local" failures="0" tests="1" name="rahulshettyacademy.IOSLongPress" time="6.423" errors="0" timestamp="2023-06-16T01:24:44 IST" skipped="0">
  <testcase classname="rahulshettyacademy.IOSLongPress" name="IOSLongPressTest" time="6.423"/>
  <system-out/>
</testsuite> <!-- rahulshettyacademy.IOSLongPress -->
