<?xml version="1.0" encoding="UTF-8"?>
<!-- Generated by org.testng.reporters.JUnitReportReporter -->
<testsuite hostname="Gunjans-MacBook-Pro.local" failures="0" tests="1" name="rahulshettyacademy.ScrollDemo" time="5.281" errors="0" timestamp="2023-06-14T09:35:28 IST" skipped="0">
  <testcase classname="rahulshettyacademy.ScrollDemo" name="ScrollDemoTest" time="5.281"/>
  <system-out/>
</testsuite> <!-- rahulshettyacademy.ScrollDemo -->
