<?xml version="1.0" encoding="UTF-8"?>
<!-- Generated by org.testng.reporters.JUnitReportReporter -->
<testsuite hostname="Gunjans-MacBook-Pro.local" failures="0" tests="1" name="rahulshettyacademy.SwipeDemo" time="5.232" errors="0" timestamp="2023-06-14T11:10:37 IST" skipped="0">
  <testcase classname="rahulshettyacademy.SwipeDemo" name="SwipeDemoTest" time="5.232"/>
  <system-out/>
</testsuite> <!-- rahulshettyacademy.SwipeDemo -->
