<?xml version="1.0" encoding="UTF-8"?>
<!-- Generated by org.testng.reporters.JUnitReportReporter -->
<testsuite hostname="Gunjans-MacBook-Pro.local" failures="0" tests="1" name="seeTestAutomation.BrowserBaseTest" time="21.272" errors="0" timestamp="2023-06-19T09:26:26 IST" skipped="0">
  <testcase classname="seeTestAutomation.BrowserBaseTest" name="Demo" time="21.272"/>
  <system-out/>
</testsuite> <!-- seeTestAutomation.BrowserBaseTest -->
