<?xml version="1.0" encoding="UTF-8"?>
<!-- Generated by org.testng.reporters.JUnitReportReporter -->
<testsuite hostname="Gunjans-MacBook-Pro.local" failures="0" tests="1" name="rahulshettyacademy.SwipeonCathay2" time="5.345" errors="0" timestamp="2023-07-28T11:21:57 IST" skipped="0">
  <testcase classname="rahulshettyacademy.SwipeonCathay2" name="ScrollDemoTest" time="5.345"/>
  <system-out/>
</testsuite> <!-- rahulshettyacademy.SwipeonCathay2 -->
