<?xml version="1.0" encoding="UTF-8"?>
<!-- Generated by org.testng.reporters.JUnitReportReporter -->
<testsuite hostname="Gunjans-MacBook-Pro.local" failures="0" tests="1" name="seeTestAutomation.MobileBrowserTest" time="11.738" errors="0" timestamp="2023-06-19T10:53:37 IST" skipped="0">
  <testcase classname="seeTestAutomation.MobileBrowserTest" name="browserTest" time="11.738"/>
  <system-out/>
</testsuite> <!-- seeTestAutomation.MobileBrowserTest -->
